{
  "RSpec": {
    "coverage": {
      "/Users/himanshuchangwal/movie_system/config/environment.rb": [
        null,
        1,
        null,
        null,
        1
      ],
      "/Users/himanshuchangwal/movie_system/config/application.rb": [
        1,
        null,
        1,
        null,
        null,
        null,
        1,
        null,
        1,
        1,
        null,
        null,
        null,
        null,
        null,
        null,
        null,
        null,
        null,
        null,
        null,
        null,
        null,
        1,
        null,
        null
      ],
      "/Users/himanshuchangwal/movie_system/config/boot.rb": [
        1,
        null,
        1
      ],
      "/Users/himanshuchangwal/movie_system/config/environments/test.rb": [
        1,
        null,
        null,
        null,
        null,
        null,
        null,
        1,
        null,
        null,
        null,
        null,
        1,
        null,
        null,
        1,
        1,
        null,
        null,
        1,
        1,
        null,
        null,
        1,
        null,
        null,
        1,
        null,
        null,
        null,
        null,
        1,
        null,
        null,
        1,
        null,
        null,
        1,
        null,
        null,
        null,
        null
      ],
      "/Users/himanshuchangwal/movie_system/config/initializers/assets.rb": [
        null,
        null,
        null,
        1,
        null,
        null,
        null,
        null,
        null,
        null,
        null
      ],
      "/Users/himanshuchangwal/movie_system/config/initializers/backtrace_silencers.rb": [
        null,
        null,
        null,
        null,
        null,
        null,
        null
      ],
      "/Users/himanshuchangwal/movie_system/config/initializers/cookies_serializer.rb": [
        null,
        null,
        1
      ],
      "/Users/himanshuchangwal/movie_system/config/initializers/filter_parameter_logging.rb": [
        null,
        null,
        null,
        1
      ],
      "/Users/himanshuchangwal/movie_system/config/initializers/inflections.rb": [
        null,
        null,
        null,
        null,
        null,
        null,
        null,
        null,
        null,
        null,
        null,
        null,
        null,
        null,
        null,
        null
      ],
      "/Users/himanshuchangwal/movie_system/config/initializers/mime_types.rb": [
        null,
        null,
        null,
        null
      ],
      "/Users/himanshuchangwal/movie_system/config/initializers/session_store.rb": [
        null,
        null,
        1
      ],
      "/Users/himanshuchangwal/movie_system/config/initializers/to_time_preserves_timezone.rb": [
        null,
        null,
        null,
        null,
        null,
        null,
        null,
        null,
        null,
        1
      ],
      "/Users/himanshuchangwal/movie_system/config/initializers/wrap_parameters.rb": [
        null,
        null,
        null,
        null,
        null,
        null,
        1,
        1,
        null,
        null,
        null,
        null,
        null,
        null
      ],
      "/Users/himanshuchangwal/movie_system/spec/factories/audis.rb": [
        1,
        null,
        1,
        1,
        38,
        36,
        32,
        32,
        null,
        null
      ],
      "/Users/himanshuchangwal/movie_system/spec/factories/bookings.rb": [
        1,
        1,
        1,
        1,
        1,
        15,
        15,
        null,
        null
      ],
      "/Users/himanshuchangwal/movie_system/spec/factories/movies.rb": [
        1,
        null,
        1,
        1,
        47,
        41,
        47,
        47,
        null,
        null
      ],
      "/Users/himanshuchangwal/movie_system/spec/factories/show_times.rb": [
        1,
        null,
        1,
        1,
        23,
        23,
        22,
        null,
        null
      ],
      "/Users/himanshuchangwal/movie_system/spec/factories/theatres.rb": [
        1,
        null,
        1,
        1,
        42,
        44,
        42,
        null,
        null
      ],
      "/Users/himanshuchangwal/movie_system/spec/factories/tickets.rb": [
        1,
        null,
        1,
        1,
        5,
        7,
        null,
        null
      ],
      "/Users/himanshuchangwal/movie_system/spec/factories/users.rb": [
        1,
        null,
        1,
        1,
        25,
        27,
        25,
        25,
        null,
        null
      ],
      "/Users/himanshuchangwal/movie_system/config/routes.rb": [
        1,
        null,
        null,
        null,
        null,
        null,
        null,
        null,
        null,
        null,
        null,
        null,
        null,
        null,
        null,
        null,
        null,
        null,
        null,
        null,
        null,
        null,
        null,
        null,
        null,
        null,
        null,
        null,
        null,
        null,
        null,
        null,
        null,
        null,
        null,
        null,
        null,
        null,
        null,
        null,
        null,
        null,
        null,
        null,
        null,
        null,
        null,
        null,
        null,
        null,
        null,
        null,
        null,
        null,
        null,
        null
      ],
      "/Users/himanshuchangwal/movie_system/app/helpers/application_helper.rb": [
        1,
        null
      ],
      "/Users/himanshuchangwal/movie_system/app/models/audi.rb": [
        1,
        1,
        1,
        1,
        1,
        1,
        null
      ],
      "/Users/himanshuchangwal/movie_system/spec/models/booking_spec.rb": [
        1,
        1,
        1,
        1,
        1,
        null,
        null,
        null,
        1,
        1,
        1,
        null,
        1,
        1,
        null,
        null,
        null,
        1,
        1,
        1,
        1,
        1,
        null,
        1,
        1,
        1,
        1,
        null,
        1,
        1,
        1,
        1,
        1,
        null,
        null,
        null
      ],
      "/Users/himanshuchangwal/movie_system/app/models/booking.rb": [
        1,
        1,
        1,
        1,
        1,
        1,
        null
      ],
      "/Users/himanshuchangwal/movie_system/spec/models/movie_spec.rb": [
        1,
        1,
        1,
        1,
        1,
        null,
        null,
        null,
        1,
        1,
        1,
        null,
        1,
        1,
        null,
        1,
        1,
        null,
        1,
        1,
        null,
        1,
        1,
        null,
        1,
        1,
        null,
        1,
        1,
        null,
        1,
        1,
        null,
        null,
        null,
        1,
        1,
        1,
        1,
        1,
        1,
        null,
        1,
        1,
        1,
        1,
        1,
        1,
        1,
        null,
        null,
        null
      ],
      "/Users/himanshuchangwal/movie_system/app/models/movie.rb": [
        1,
        1,
        1,
        1,
        1,
        1,
        1,
        null
      ],
      "/Users/himanshuchangwal/movie_system/spec/models/show_time_spec.rb": [
        1,
        1,
        1,
        1,
        1,
        null,
        null,
        null,
        1,
        1,
        1,
        null,
        1,
        1,
        null,
        1,
        1,
        null,
        1,
        1,
        null,
        null,
        null,
        1,
        1,
        1,
        1,
        1,
        null,
        1,
        1,
        1,
        1,
        1,
        null,
        null,
        null
      ],
      "/Users/himanshuchangwal/movie_system/app/models/show_time.rb": [
        1,
        1,
        1,
        1,
        1,
        null
      ],
      "/Users/himanshuchangwal/movie_system/spec/models/theatre_spec.rb": [
        1,
        1,
        1,
        1,
        1,
        null,
        null,
        null,
        1,
        1,
        1,
        null,
        1,
        1,
        null,
        1,
        1,
        null,
        1,
        1,
        null,
        1,
        1,
        null,
        1,
        1,
        null,
        1,
        1,
        null,
        null,
        null,
        1,
        1,
        1,
        1,
        1,
        1,
        null,
        1,
        1,
        1,
        1,
        1,
        1,
        1,
        null,
        null,
        null
      ],
      "/Users/himanshuchangwal/movie_system/app/models/theatre.rb": [
        1,
        1,
        1,
        1,
        1,
        1,
        null
      ],
      "/Users/himanshuchangwal/movie_system/spec/models/ticket_spec.rb": [
        1,
        1,
        1,
        1,
        1,
        null,
        null,
        null,
        1,
        1,
        1,
        null,
        1,
        1,
        null,
        1,
        1,
        null,
        1,
        1,
        null,
        1,
        1,
        null,
        null,
        null,
        1,
        1,
        1,
        1,
        1,
        null,
        null,
        null
      ],
      "/Users/himanshuchangwal/movie_system/app/models/ticket.rb": [
        1,
        1,
        1,
        null
      ],
      "/Users/himanshuchangwal/movie_system/spec/models/user_spec.rb": [
        1,
        1,
        1,
        1,
        1,
        null,
        null,
        null,
        1,
        1,
        1,
        null,
        1,
        1,
        null,
        1,
        1,
        null,
        1,
        1,
        null,
        1,
        1,
        null,
        1,
        1,
        null,
        1,
        1,
        null,
        1,
        1,
        null,
        1,
        1,
        null,
        1,
        1,
        null,
        null,
        null,
        1,
        1,
        1,
        1,
        1,
        1,
        null,
        null,
        null
      ],
      "/Users/himanshuchangwal/movie_system/app/models/user.rb": [
        1,
        1,
        1,
        1,
        1,
        1,
        null
      ]
    },
    "timestamp": 1516272289
  }
}
